2025-10-15 14:50:38,782 - __main__ - INFO - ==================================================
2025-10-15 14:50:38,783 - __main__ - INFO - Starting BVC application
2025-10-15 14:50:38,784 - __main__ - INFO - ==================================================
2025-10-15 14:50:38,787 - __main__ - INFO - [OK] Database connected successfully
2025-10-15 14:50:38,787 - __main__ - INFO - [OK] WebSocket client initialized
2025-10-15 14:50:38,787 - src.ws.bvc - INFO - Starting BVC WebSocket client: wss://market.bolsadecaracas.com/socket.io/?EIO=4&transport=websocket
2025-10-15 14:50:39,325 - pynest - INFO - [34mMarketService Detected [0m
2025-10-15 14:50:39,325 - pynest - INFO - [32mMarketModule Detected [0m
2025-10-15 14:50:39,325 - pynest - INFO - [34mAppService Detected [0m
2025-10-15 14:50:39,327 - pynest - INFO - [32mAppModule Detected [0m
2025-10-15 14:50:39,393 - src.ws.bvc - INFO - [OK] Connected to BVC WebSocket server
2025-10-15 14:50:45,792 - __main__ - INFO - [WARNING] Program stopped by user (Ctrl+C)
2025-10-15 14:52:21,163 - __main__ - INFO - ==================================================
2025-10-15 14:52:21,166 - __main__ - INFO - Starting BVC application
2025-10-15 14:52:21,166 - __main__ - INFO - ==================================================
2025-10-15 14:52:21,176 - __main__ - INFO - [OK] Database connected successfully
2025-10-15 14:52:21,176 - __main__ - INFO - [OK] WebSocket client initialized
2025-10-15 14:52:21,178 - src.ws.bvc - INFO - Starting BVC WebSocket client: wss://market.bolsadecaracas.com/socket.io/?EIO=4&transport=websocket
2025-10-15 14:52:21,711 - pynest - INFO - [34mMarketService Detected [0m
2025-10-15 14:52:21,711 - pynest - INFO - [32mMarketModule Detected [0m
2025-10-15 14:52:21,711 - pynest - INFO - [34mAppService Detected [0m
2025-10-15 14:52:21,711 - pynest - INFO - [32mAppModule Detected [0m
2025-10-15 14:52:21,780 - src.ws.bvc - INFO - [OK] Connected to BVC WebSocket server
2025-10-15 14:52:31,302 - src.ws.bvc - INFO - Server data received: 28 symbols
2025-10-15 14:52:31,344 - src.ws.bvc - INFO - Processed 28 symbols: 0 new, 9 updated, 19 skipped
2025-10-15 14:52:31,345 - src.ws.bvc - INFO - Saved 28 symbols to database
2025-10-15 14:55:19,965 - __main__ - INFO - ==================================================
2025-10-15 14:55:19,965 - __main__ - INFO - Starting BVC application
2025-10-15 14:55:19,967 - __main__ - INFO - ==================================================
2025-10-15 14:55:19,975 - __main__ - INFO - [OK] Database connected successfully
2025-10-15 14:55:19,975 - __main__ - INFO - [OK] WebSocket client initialized
2025-10-15 14:55:19,977 - src.ws.bvc - INFO - Starting BVC WebSocket client: wss://market.bolsadecaracas.com/socket.io/?EIO=4&transport=websocket
2025-10-15 14:55:20,606 - pynest - INFO - [34mMarketService Detected [0m
2025-10-15 14:55:20,606 - pynest - INFO - [32mMarketModule Detected [0m
2025-10-15 14:55:20,606 - pynest - INFO - [34mAppService Detected [0m
2025-10-15 14:55:20,606 - pynest - INFO - [32mAppModule Detected [0m
2025-10-15 14:55:20,684 - src.ws.bvc - INFO - [OK] Connected to BVC WebSocket server
2025-10-15 14:55:30,458 - src.ws.bvc - INFO - Server data received: 28 symbols
2025-10-15 14:55:30,503 - src.ws.bvc - INFO - Processed 28 symbols: 0 new, 12 updated, 16 skipped
2025-10-15 14:55:30,503 - src.ws.bvc - INFO - Saved 28 symbols to database
2025-10-15 14:56:00,395 - src.ws.bvc - INFO - Server data received: 28 symbols
2025-10-15 14:56:00,431 - src.ws.bvc - INFO - Processed 28 symbols: 0 new, 1 updated, 27 skipped
2025-10-15 14:56:00,431 - src.ws.bvc - INFO - Saved 28 symbols to database
2025-10-15 14:56:30,446 - src.ws.bvc - INFO - Server data received: 28 symbols
2025-10-15 14:56:30,476 - src.ws.bvc - INFO - Processed 28 symbols: 0 new, 2 updated, 26 skipped
2025-10-15 14:56:30,478 - src.ws.bvc - INFO - Saved 28 symbols to database
2025-10-15 14:56:55,695 - src.ws.bvc - WARNING - Timeout receiving message
2025-10-15 14:57:00,434 - src.ws.bvc - INFO - Server data received: 28 symbols
2025-10-15 14:57:00,472 - src.ws.bvc - INFO - Processed 28 symbols: 0 new, 0 updated, 28 skipped
2025-10-15 14:57:00,473 - src.ws.bvc - INFO - Saved 28 symbols to database
2025-10-15 14:57:21,300 - src.ws.bvc - WARNING - Timeout receiving message
2025-10-15 14:57:30,459 - src.ws.bvc - INFO - Server data received: 28 symbols
2025-10-15 14:57:30,491 - src.ws.bvc - INFO - Processed 28 symbols: 0 new, 1 updated, 27 skipped
2025-10-15 14:57:30,497 - src.ws.bvc - INFO - Saved 28 symbols to database
2025-10-15 14:57:50,671 - src.ws.bvc - WARNING - Timeout receiving message
2025-10-15 14:58:00,448 - src.ws.bvc - INFO - Server data received: 28 symbols
2025-10-15 14:58:00,501 - src.ws.bvc - INFO - Processed 28 symbols: 0 new, 2 updated, 26 skipped
2025-10-15 14:58:00,501 - src.ws.bvc - INFO - Saved 28 symbols to database
2025-10-15 14:58:30,469 - src.ws.bvc - INFO - Server data received: 28 symbols
2025-10-15 14:58:30,504 - src.ws.bvc - INFO - Processed 28 symbols: 0 new, 4 updated, 24 skipped
2025-10-15 14:58:30,505 - src.ws.bvc - INFO - Saved 28 symbols to database
2025-10-15 14:59:00,500 - src.ws.bvc - INFO - Server data received: 28 symbols
2025-10-15 14:59:00,528 - src.ws.bvc - INFO - Processed 28 symbols: 0 new, 2 updated, 26 skipped
2025-10-15 14:59:00,528 - src.ws.bvc - INFO - Saved 28 symbols to database
2025-10-15 14:59:25,791 - src.ws.bvc - WARNING - Timeout receiving message
2025-10-15 14:59:30,473 - src.ws.bvc - INFO - Server data received: 28 symbols
2025-10-15 14:59:30,504 - src.ws.bvc - INFO - Processed 28 symbols: 0 new, 1 updated, 27 skipped
2025-10-15 14:59:30,504 - src.ws.bvc - INFO - Saved 28 symbols to database
2025-10-15 14:59:50,800 - src.ws.bvc - WARNING - Timeout receiving message
2025-10-15 15:00:00,519 - src.ws.bvc - INFO - Server data received: 28 symbols
2025-10-15 15:00:00,556 - src.ws.bvc - INFO - Processed 28 symbols: 0 new, 4 updated, 24 skipped
2025-10-15 15:00:00,556 - src.ws.bvc - INFO - Saved 28 symbols to database
2025-10-15 15:00:30,578 - src.ws.bvc - INFO - Server data received: 29 symbols
2025-10-15 15:00:30,634 - src.ws.bvc - INFO - Processed 29 symbols: 1 new, 1 updated, 27 skipped
2025-10-15 15:00:30,634 - src.ws.bvc - INFO - Saved 29 symbols to database
2025-10-15 15:01:00,542 - src.ws.bvc - INFO - Server data received: 29 symbols
2025-10-15 15:01:00,582 - src.ws.bvc - INFO - Processed 29 symbols: 0 new, 3 updated, 26 skipped
2025-10-15 15:01:00,583 - src.ws.bvc - INFO - Saved 29 symbols to database
2025-10-15 15:01:30,580 - src.ws.bvc - INFO - Server data received: 29 symbols
2025-10-15 15:01:30,624 - src.ws.bvc - INFO - Processed 29 symbols: 0 new, 2 updated, 27 skipped
2025-10-15 15:01:30,624 - src.ws.bvc - INFO - Saved 29 symbols to database
2025-10-15 15:01:55,870 - src.ws.bvc - WARNING - Timeout receiving message
2025-10-15 15:02:00,544 - src.ws.bvc - INFO - Server data received: 29 symbols
2025-10-15 15:02:00,575 - src.ws.bvc - INFO - Processed 29 symbols: 0 new, 1 updated, 28 skipped
2025-10-15 15:02:00,575 - src.ws.bvc - INFO - Saved 29 symbols to database
2025-10-15 15:02:21,449 - src.ws.bvc - WARNING - Timeout receiving message
2025-10-15 15:02:30,605 - src.ws.bvc - INFO - Server data received: 29 symbols
2025-10-15 15:02:30,640 - src.ws.bvc - INFO - Processed 29 symbols: 0 new, 7 updated, 22 skipped
2025-10-15 15:02:30,641 - src.ws.bvc - INFO - Saved 29 symbols to database
2025-10-15 15:02:50,809 - src.ws.bvc - WARNING - Timeout receiving message
2025-10-15 15:03:00,585 - src.ws.bvc - INFO - Server data received: 29 symbols
2025-10-15 15:03:00,610 - src.ws.bvc - INFO - Processed 29 symbols: 0 new, 0 updated, 29 skipped
2025-10-15 15:03:00,610 - src.ws.bvc - INFO - Saved 29 symbols to database
2025-10-15 15:03:30,649 - src.ws.bvc - INFO - Server data received: 29 symbols
2025-10-15 15:03:30,678 - src.ws.bvc - INFO - Processed 29 symbols: 0 new, 2 updated, 27 skipped
2025-10-15 15:03:30,682 - src.ws.bvc - INFO - Saved 29 symbols to database
2025-10-15 15:04:00,744 - src.ws.bvc - INFO - Server data received: 29 symbols
2025-10-15 15:04:00,784 - src.ws.bvc - INFO - Processed 29 symbols: 0 new, 1 updated, 28 skipped
2025-10-15 15:04:00,785 - src.ws.bvc - INFO - Saved 29 symbols to database
2025-10-15 15:04:25,974 - src.ws.bvc - WARNING - Timeout receiving message
2025-10-15 15:04:30,634 - src.ws.bvc - INFO - Server data received: 29 symbols
2025-10-15 15:04:30,669 - src.ws.bvc - INFO - Processed 29 symbols: 0 new, 1 updated, 28 skipped
2025-10-15 15:04:30,670 - src.ws.bvc - INFO - Saved 29 symbols to database
2025-10-15 15:04:50,999 - src.ws.bvc - WARNING - Timeout receiving message
2025-10-15 15:05:00,624 - src.ws.bvc - INFO - Server data received: 29 symbols
2025-10-15 15:05:00,652 - src.ws.bvc - INFO - Processed 29 symbols: 0 new, 1 updated, 28 skipped
2025-10-15 15:05:00,652 - src.ws.bvc - INFO - Saved 29 symbols to database
2025-10-15 15:05:30,651 - src.ws.bvc - INFO - Server data received: 29 symbols
2025-10-15 15:05:30,699 - src.ws.bvc - INFO - Processed 29 symbols: 0 new, 0 updated, 29 skipped
2025-10-15 15:05:30,699 - src.ws.bvc - INFO - Saved 29 symbols to database
2025-10-15 15:06:00,643 - src.ws.bvc - INFO - Server data received: 29 symbols
2025-10-15 15:06:00,685 - src.ws.bvc - INFO - Processed 29 symbols: 0 new, 0 updated, 29 skipped
2025-10-15 15:06:00,686 - src.ws.bvc - INFO - Saved 29 symbols to database
2025-10-15 15:06:30,641 - src.ws.bvc - INFO - Server data received: 29 symbols
2025-10-15 15:06:30,681 - src.ws.bvc - INFO - Processed 29 symbols: 0 new, 0 updated, 29 skipped
2025-10-15 15:06:30,681 - src.ws.bvc - INFO - Saved 29 symbols to database
2025-10-15 15:06:56,055 - src.ws.bvc - WARNING - Timeout receiving message
2025-10-15 15:07:00,699 - src.ws.bvc - INFO - Server data received: 29 symbols
2025-10-15 15:07:00,729 - src.ws.bvc - INFO - Processed 29 symbols: 0 new, 0 updated, 29 skipped
2025-10-15 15:07:00,730 - src.ws.bvc - INFO - Saved 29 symbols to database
2025-10-15 15:07:21,744 - src.ws.bvc - WARNING - Timeout receiving message
2025-10-15 15:07:30,720 - src.ws.bvc - INFO - Server data received: 29 symbols
2025-10-15 15:07:30,750 - src.ws.bvc - INFO - Processed 29 symbols: 0 new, 0 updated, 29 skipped
2025-10-15 15:07:30,750 - src.ws.bvc - INFO - Saved 29 symbols to database
2025-10-15 15:07:50,884 - src.ws.bvc - WARNING - Timeout receiving message
2025-10-15 15:08:00,793 - src.ws.bvc - INFO - Server data received: 29 symbols
2025-10-15 15:08:00,833 - src.ws.bvc - INFO - Processed 29 symbols: 0 new, 0 updated, 29 skipped
2025-10-15 15:08:00,833 - src.ws.bvc - INFO - Saved 29 symbols to database
2025-10-15 15:08:30,800 - src.ws.bvc - INFO - Server data received: 29 symbols
2025-10-15 15:08:30,836 - src.ws.bvc - INFO - Processed 29 symbols: 0 new, 0 updated, 29 skipped
2025-10-15 15:08:30,836 - src.ws.bvc - INFO - Saved 29 symbols to database
2025-10-15 15:09:00,723 - src.ws.bvc - INFO - Server data received: 29 symbols
2025-10-15 15:09:00,750 - src.ws.bvc - INFO - Processed 29 symbols: 0 new, 1 updated, 28 skipped
2025-10-15 15:09:00,750 - src.ws.bvc - INFO - Saved 29 symbols to database
2025-10-15 15:09:26,102 - src.ws.bvc - WARNING - Timeout receiving message
2025-10-15 15:09:30,834 - src.ws.bvc - INFO - Server data received: 29 symbols
2025-10-15 15:09:30,864 - src.ws.bvc - INFO - Processed 29 symbols: 0 new, 0 updated, 29 skipped
2025-10-15 15:09:30,864 - src.ws.bvc - INFO - Saved 29 symbols to database
2025-10-15 15:09:51,130 - src.ws.bvc - WARNING - Timeout receiving message
2025-10-15 15:10:00,761 - src.ws.bvc - INFO - Server data received: 29 symbols
2025-10-15 15:10:00,791 - src.ws.bvc - INFO - Processed 29 symbols: 0 new, 0 updated, 29 skipped
2025-10-15 15:10:00,791 - src.ws.bvc - INFO - Saved 29 symbols to database
2025-10-15 15:10:30,784 - src.ws.bvc - INFO - Server data received: 29 symbols
2025-10-15 15:10:30,808 - src.ws.bvc - INFO - Processed 29 symbols: 0 new, 1 updated, 28 skipped
2025-10-15 15:10:30,808 - src.ws.bvc - INFO - Saved 29 symbols to database
2025-10-15 15:11:00,752 - src.ws.bvc - INFO - Server data received: 29 symbols
2025-10-15 15:11:00,796 - src.ws.bvc - INFO - Processed 29 symbols: 0 new, 1 updated, 28 skipped
2025-10-15 15:11:00,796 - src.ws.bvc - INFO - Saved 29 symbols to database
2025-10-15 15:11:30,848 - src.ws.bvc - INFO - Server data received: 29 symbols
2025-10-15 15:11:30,880 - src.ws.bvc - INFO - Processed 29 symbols: 0 new, 0 updated, 29 skipped
2025-10-15 15:11:30,880 - src.ws.bvc - INFO - Saved 29 symbols to database
2025-10-15 15:11:56,204 - src.ws.bvc - WARNING - Timeout receiving message
2025-10-15 15:12:00,793 - src.ws.bvc - INFO - Server data received: 29 symbols
2025-10-15 15:12:00,822 - src.ws.bvc - INFO - Processed 29 symbols: 0 new, 1 updated, 28 skipped
2025-10-15 15:12:00,822 - src.ws.bvc - INFO - Saved 29 symbols to database
2025-10-15 15:12:21,799 - src.ws.bvc - WARNING - Timeout receiving message
2025-10-15 15:12:30,822 - src.ws.bvc - INFO - Server data received: 29 symbols
2025-10-15 15:12:30,851 - src.ws.bvc - INFO - Processed 29 symbols: 0 new, 1 updated, 28 skipped
2025-10-15 15:12:30,852 - src.ws.bvc - INFO - Saved 29 symbols to database
2025-10-15 15:12:51,041 - src.ws.bvc - WARNING - Timeout receiving message
2025-10-15 15:13:00,903 - src.ws.bvc - INFO - Server data received: 29 symbols
2025-10-15 15:13:00,938 - src.ws.bvc - INFO - Processed 29 symbols: 0 new, 1 updated, 28 skipped
2025-10-15 15:13:00,938 - src.ws.bvc - INFO - Saved 29 symbols to database
2025-10-15 15:13:30,834 - src.ws.bvc - INFO - Server data received: 29 symbols
2025-10-15 15:13:30,868 - src.ws.bvc - INFO - Processed 29 symbols: 0 new, 1 updated, 28 skipped
2025-10-15 15:13:30,868 - src.ws.bvc - INFO - Saved 29 symbols to database
2025-10-15 15:14:00,867 - src.ws.bvc - INFO - Server data received: 29 symbols
2025-10-15 15:14:00,907 - src.ws.bvc - INFO - Processed 29 symbols: 0 new, 0 updated, 29 skipped
2025-10-15 15:14:00,908 - src.ws.bvc - INFO - Saved 29 symbols to database
2025-10-15 15:14:26,284 - src.ws.bvc - WARNING - Timeout receiving message
2025-10-15 15:14:30,859 - src.ws.bvc - INFO - Server data received: 29 symbols
2025-10-15 15:14:30,891 - src.ws.bvc - INFO - Processed 29 symbols: 0 new, 2 updated, 27 skipped
2025-10-15 15:14:30,891 - src.ws.bvc - INFO - Saved 29 symbols to database
2025-10-15 15:14:51,298 - src.ws.bvc - WARNING - Timeout receiving message
2025-10-15 15:15:00,928 - src.ws.bvc - INFO - Server data received: 29 symbols
2025-10-15 15:15:00,954 - src.ws.bvc - INFO - Processed 29 symbols: 0 new, 3 updated, 26 skipped
2025-10-15 15:15:00,954 - src.ws.bvc - INFO - Saved 29 symbols to database
2025-10-15 15:15:30,889 - src.ws.bvc - INFO - Server data received: 30 symbols
2025-10-15 15:15:30,923 - src.ws.bvc - INFO - Processed 30 symbols: 1 new, 8 updated, 21 skipped
2025-10-15 15:15:30,923 - src.ws.bvc - INFO - Saved 30 symbols to database
